[0m03:25:00.805807 [debug] [MainThread]: Sending event: {'category': 'dbt', 'action': 'invocation', 'label': 'start', 'context': [<snowplow_tracker.self_describing_json.SelfDescribingJson object at 0x0000020629163050>, <snowplow_tracker.self_describing_json.SelfDescribingJson object at 0x0000020627B86630>, <snowplow_tracker.self_describing_json.SelfDescribingJson object at 0x0000020627B86810>]}


============================== 03:25:00.833832 | a02b0380-7407-4595-b392-68aa000b7456 ==============================
[0m03:25:00.833832 [info ] [MainThread]: Running with dbt=1.10.15
[0m03:25:00.834335 [debug] [MainThread]: running dbt with arguments {'profiles_dir': 'C:\\Users\\KIMPC\\.dbt', 'no_print': 'None', 'write_json': 'True', 'use_colors': 'True', 'cache_selected_only': 'False', 'warn_error': 'None', 'indirect_selection': 'eager', 'partial_parse': 'True', 'log_path': 'logs', 'send_anonymous_usage_stats': 'True', 'fail_fast': 'False', 'warn_error_options': 'WarnErrorOptionsV2(error=[], warn=[], silence=[])', 'static_parser': 'True', 'version_check': 'True', 'use_experimental_parser': 'False', 'quiet': 'False', 'introspect': 'True', 'empty': 'None', 'log_cache_events': 'False', 'debug': 'False', 'log_format': 'default', 'invocation_command': 'dbt init', 'printer_width': '80', 'target_path': 'None'}
[0m03:25:09.616399 [debug] [MainThread]: Starter project path: C:\Users\KIMPC\Documents\Personal\dbt_demo_university\.venv\Lib\site-packages\dbt\include\starter_project
[0m03:25:09.627918 [info ] [MainThread]: 
Your new dbt project "dbt_plv" was created!

For more information on how to configure the profiles.yml file,
please consult the dbt documentation here:

  https://docs.getdbt.com/docs/configure-your-profile

One more thing:

Need help? Don't hesitate to reach out to us via GitHub issues or on Slack:

  https://community.getdbt.com/

Happy modeling!

[0m03:25:09.628919 [info ] [MainThread]: Setting up your profile.
[0m03:25:13.105225 [debug] [MainThread]: Snowflake adapter: Setting snowflake.connector to ERROR (file logging only)
[0m03:25:13.105225 [debug] [MainThread]: Snowflake adapter: Setting botocore to ERROR (file logging only)
[0m03:25:13.106227 [debug] [MainThread]: Snowflake adapter: Setting boto3 to ERROR (file logging only)
[0m03:26:55.286236 [info ] [MainThread]: Profile dbt_plv written to C:\Users\KIMPC\.dbt\profiles.yml using target's profile_template.yml and your supplied values. Run 'dbt debug' to validate the connection.
[0m03:26:55.287243 [debug] [MainThread]: Command `dbt init` succeeded at 03:26:55.287243 after 114.57 seconds
[0m03:26:55.288240 [debug] [MainThread]: Sending event: {'category': 'dbt', 'action': 'invocation', 'label': 'end', 'context': [<snowplow_tracker.self_describing_json.SelfDescribingJson object at 0x0000020627C20FB0>, <snowplow_tracker.self_describing_json.SelfDescribingJson object at 0x0000020629A12780>, <snowplow_tracker.self_describing_json.SelfDescribingJson object at 0x0000020629E3E030>]}
[0m03:26:55.288240 [debug] [MainThread]: Flushing usage events
[0m03:26:56.482166 [debug] [MainThread]: An error was encountered while trying to flush usage events
[0m15:57:55.909084 [debug] [MainThread]: Sending event: {'category': 'dbt', 'action': 'invocation', 'label': 'start', 'context': [<snowplow_tracker.self_describing_json.SelfDescribingJson object at 0x0000020C54425BB0>, <snowplow_tracker.self_describing_json.SelfDescribingJson object at 0x0000020C50DD6840>, <snowplow_tracker.self_describing_json.SelfDescribingJson object at 0x0000020C54BAE570>]}


============================== 15:57:55.923083 | 9ca32158-be5a-4e85-8dac-757a5e535afb ==============================
[0m15:57:55.923083 [info ] [MainThread]: Running with dbt=1.10.15
[0m15:57:55.923083 [debug] [MainThread]: running dbt with arguments {'write_json': 'True', 'invocation_command': 'dbt build', 'log_format': 'default', 'printer_width': '80', 'no_print': 'None', 'warn_error': 'None', 'log_path': 'logs', 'fail_fast': 'False', 'static_parser': 'True', 'send_anonymous_usage_stats': 'True', 'partial_parse': 'True', 'warn_error_options': 'WarnErrorOptionsV2(error=[], warn=[], silence=[])', 'indirect_selection': 'eager', 'use_experimental_parser': 'False', 'version_check': 'True', 'quiet': 'False', 'introspect': 'True', 'empty': 'False', 'log_cache_events': 'False', 'debug': 'False', 'profiles_dir': 'C:\\Users\\KIMPC\\.dbt', 'use_colors': 'True', 'cache_selected_only': 'False', 'target_path': 'None'}
[0m15:57:55.924083 [error] [MainThread]: Encountered an error:
Runtime Error
  No dbt_project.yml found at expected path C:\Users\KIMPC\Documents\Personal\dbt_demo_university\dbt_project.yml
  Verify that each entry within packages.yml (and their transitive dependencies) contains a file named dbt_project.yml
  
[0m15:57:55.925085 [debug] [MainThread]: Command `dbt build` failed at 15:57:55.925085 after 0.12 seconds
[0m15:57:55.925085 [debug] [MainThread]: Sending event: {'category': 'dbt', 'action': 'invocation', 'label': 'end', 'context': [<snowplow_tracker.self_describing_json.SelfDescribingJson object at 0x0000020C545CBBC0>, <snowplow_tracker.self_describing_json.SelfDescribingJson object at 0x0000020C52CF1A00>, <snowplow_tracker.self_describing_json.SelfDescribingJson object at 0x0000020C56316A20>]}
[0m15:57:55.926083 [debug] [MainThread]: Flushing usage events
[0m15:57:57.179721 [debug] [MainThread]: An error was encountered while trying to flush usage events
